0 verbose cli C:\Program Files\nodejs\node.exe C:\Users\Apurba Ruidas\AppData\Roaming\npm\node_modules\npm\bin\npm-cli.js
1 info using npm@9.7.1
2 info using node@v22.14.0
3 timing npm:load:whichnode Completed in 2ms
4 timing config:load:defaults Completed in 2ms
5 timing config:load:file:C:\Users\Apurba Ruidas\AppData\Roaming\npm\node_modules\npm\npmrc Completed in 4ms
6 timing config:load:builtin Completed in 4ms
7 timing config:load:cli Completed in 2ms
8 timing config:load:env Completed in 0ms
9 timing config:load:file:C:\Personal\Petjio\petjiouser\.npmrc Completed in 0ms
10 timing config:load:project Completed in 3ms
11 timing config:load:file:C:\Users\Apurba Ruidas\.npmrc Completed in 0ms
12 timing config:load:user Completed in 0ms
13 timing config:load:file:C:\Users\Apurba Ruidas\AppData\Roaming\npm\etc\npmrc Completed in 1ms
14 timing config:load:global Completed in 1ms
15 timing config:load:setEnvs Completed in 1ms
16 timing config:load Completed in 15ms
17 timing npm:load:configload Completed in 15ms
18 timing config:load:flatten Completed in 2ms
19 timing npm:load:mkdirpcache Completed in 0ms
20 timing npm:load:mkdirplogs Completed in 0ms
21 verbose title npm run dev
22 verbose argv "run" "dev" "--cache" "clean"
23 timing npm:load:setTitle Completed in 0ms
24 timing npm:load:display Completed in 1ms
25 verbose logfile logs-max:10 dir:C:\Personal\Petjio\petjiouser\android\clean\_logs\2025-08-23T09_09_23_293Z-
26 verbose logfile C:\Personal\Petjio\petjiouser\android\clean\_logs\2025-08-23T09_09_23_293Z-debug-0.log
27 timing npm:load:logFile Completed in 11ms
28 timing npm:load:timers Completed in 0ms
29 timing npm:load:configScope Completed in 0ms
30 timing npm:load Completed in 52ms
31 timing command:run Completed in 289ms
32 verbose stack Error: Missing script: "dev"
32 verbose stack
32 verbose stack To see a list of scripts, run:
32 verbose stack   npm run
32 verbose stack     at RunScript.run (C:\Users\Apurba Ruidas\AppData\Roaming\npm\node_modules\npm\lib\commands\run-script.js:94:13)
32 verbose stack     at async module.exports (C:\Users\Apurba Ruidas\AppData\Roaming\npm\node_modules\npm\lib\cli-entry.js:61:5)
33 verbose cwd C:\Personal\Petjio\petjiouser\android
34 verbose Windows_NT 10.0.26100
35 verbose node v22.14.0
36 verbose npm  v9.7.1
37 error Missing script: "dev"
37 error
37 error To see a list of scripts, run:
37 error   npm run
38 verbose exit 1
39 timing npm Completed in 461ms
40 verbose code 1
41 error A complete log of this run can be found in: C:\Personal\Petjio\petjiouser\android\clean\_logs\2025-08-23T09_09_23_293Z-debug-0.log
